0 info it worked if it ends with ok
1 verbose cli [ '/usr/local/bin/node',
1 verbose cli   '/usr/local/bin/npm',
1 verbose cli   'install',
1 verbose cli   '-g',
1 verbose cli   'restify' ]
2 info using npm@1.4.28
3 info using node@v0.10.33
4 verbose cache add [ 'restify', null ]
5 verbose cache add name=undefined spec="restify" args=["restify",null]
6 verbose parsed url { protocol: null,
6 verbose parsed url   slashes: null,
6 verbose parsed url   auth: null,
6 verbose parsed url   host: null,
6 verbose parsed url   port: null,
6 verbose parsed url   hostname: null,
6 verbose parsed url   hash: null,
6 verbose parsed url   search: null,
6 verbose parsed url   query: null,
6 verbose parsed url   pathname: 'restify',
6 verbose parsed url   path: 'restify',
6 verbose parsed url   href: 'restify' }
7 silly lockFile 5ea7009a-restify restify
8 verbose lock restify /home/ganesans/.npm/5ea7009a-restify.lock
9 silly lockFile 5ea7009a-restify restify
10 silly lockFile 5ea7009a-restify restify
11 verbose addNamed [ 'restify', '' ]
12 verbose addNamed [ null, '*' ]
13 silly lockFile eccf5eaf-restify restify@
14 verbose lock restify@ /home/ganesans/.npm/eccf5eaf-restify.lock
15 silly addNameRange { name: 'restify', range: '*', hasData: false }
16 verbose request where is /restify
17 verbose request registry https://registry.npmjs.org/
18 verbose request id 38687bdc005bab00
19 verbose url raw /restify
20 verbose url resolving [ 'https://registry.npmjs.org/', './restify' ]
21 verbose url resolved https://registry.npmjs.org/restify
22 verbose request where is https://registry.npmjs.org/restify
23 info trying registry request attempt 1 at 07:43:41
24 http GET https://registry.npmjs.org/restify
25 http 200 https://registry.npmjs.org/restify
26 silly registry.get cb [ 200,
26 silly registry.get   { date: 'Mon, 08 Dec 2014 02:13:43 GMT',
26 silly registry.get     server: 'CouchDB/1.5.0 (Erlang OTP/R16B03)',
26 silly registry.get     etag: '"76YKI0CVHK9SXC4DA9X9TSCID"',
26 silly registry.get     'content-type': 'application/json',
26 silly registry.get     'cache-control': 'max-age=60',
26 silly registry.get     'content-length': '150718',
26 silly registry.get     'accept-ranges': 'bytes',
26 silly registry.get     via: '1.1 varnish',
26 silly registry.get     age: '0',
26 silly registry.get     'x-served-by': 'cache-lax1422-LAX',
26 silly registry.get     'x-cache': 'HIT',
26 silly registry.get     'x-cache-hits': '1',
26 silly registry.get     'x-timer': 'S1418004823.027209,VS0,VE39',
26 silly registry.get     vary: 'Accept',
26 silly registry.get     'keep-alive': 'timeout=10, max=50',
26 silly registry.get     connection: 'Keep-Alive' } ]
27 silly addNameRange number 2 { name: 'restify', range: '*', hasData: true }
28 silly addNameRange versions [ 'restify',
28 silly addNameRange   [ '0.1.0',
28 silly addNameRange     '0.1.1',
28 silly addNameRange     '0.1.2',
28 silly addNameRange     '0.1.4',
28 silly addNameRange     '0.1.5',
28 silly addNameRange     '0.1.6',
28 silly addNameRange     '0.1.7',
28 silly addNameRange     '0.1.8',
28 silly addNameRange     '0.1.9',
28 silly addNameRange     '0.1.10',
28 silly addNameRange     '0.1.11',
28 silly addNameRange     '0.1.12',
28 silly addNameRange     '0.1.13',
28 silly addNameRange     '0.1.14',
28 silly addNameRange     '0.1.15',
28 silly addNameRange     '0.1.16',
28 silly addNameRange     '0.1.17',
28 silly addNameRange     '0.1.18',
28 silly addNameRange     '0.1.19',
28 silly addNameRange     '0.1.20',
28 silly addNameRange     '0.1.21',
28 silly addNameRange     '0.1.22',
28 silly addNameRange     '0.1.23',
28 silly addNameRange     '0.2.0',
28 silly addNameRange     '0.2.1',
28 silly addNameRange     '0.2.2',
28 silly addNameRange     '0.2.3',
28 silly addNameRange     '0.2.4',
28 silly addNameRange     '0.2.5',
28 silly addNameRange     '0.2.6',
28 silly addNameRange     '0.2.7',
28 silly addNameRange     '0.2.8',
28 silly addNameRange     '0.2.9',
28 silly addNameRange     '0.2.10',
28 silly addNameRange     '0.2.11',
28 silly addNameRange     '0.2.12',
28 silly addNameRange     '0.2.13',
28 silly addNameRange     '0.3.0',
28 silly addNameRange     '0.3.1',
28 silly addNameRange     '0.3.2-pre1',
28 silly addNameRange     '0.3.2',
28 silly addNameRange     '0.3.3',
28 silly addNameRange     '0.3.4',
28 silly addNameRange     '0.3.5',
28 silly addNameRange     '0.3.6',
28 silly addNameRange     '0.3.7',
28 silly addNameRange     '0.3.8',
28 silly addNameRange     '0.3.9',
28 silly addNameRange     '0.3.10',
28 silly addNameRange     '0.3.11',
28 silly addNameRange     '0.3.12',
28 silly addNameRange     '0.3.14',
28 silly addNameRange     '0.3.15',
28 silly addNameRange     '0.4.0',
28 silly addNameRange     '0.4.1',
28 silly addNameRange     '0.4.2',
28 silly addNameRange     '0.4.3',
28 silly addNameRange     '0.4.4',
28 silly addNameRange     '0.5.0',
28 silly addNameRange     '0.5.1',
28 silly addNameRange     '0.5.3',
28 silly addNameRange     '0.5.4',
28 silly addNameRange     '0.5.5',
28 silly addNameRange     '0.5.6',
28 silly addNameRange     '1.0.0-1-rc',
28 silly addNameRange     '1.0.0-1-rc2',
28 silly addNameRange     '0.5.7',
28 silly addNameRange     '1.0.0',
28 silly addNameRange     '1.0.1',
28 silly addNameRange     '1.1.0',
28 silly addNameRange     '1.1.1',
28 silly addNameRange     '1.2.0',
28 silly addNameRange     '1.3.0',
28 silly addNameRange     '1.4.0',
28 silly addNameRange     '1.4.1',
28 silly addNameRange     '1.4.2',
28 silly addNameRange     '1.4.3',
28 silly addNameRange     '1.4.4',
28 silly addNameRange     '2.0.0',
28 silly addNameRange     '2.0.1',
28 silly addNameRange     '2.0.2',
28 silly addNameRange     '2.0.3',
28 silly addNameRange     '2.0.4',
28 silly addNameRange     '2.1.0',
28 silly addNameRange     '2.1.1',
28 silly addNameRange     '2.2.0',
28 silly addNameRange     '2.2.1',
28 silly addNameRange     '2.3.0',
28 silly addNameRange     '2.3.1',
28 silly addNameRange     '2.3.2',
28 silly addNameRange     '2.3.3',
28 silly addNameRange     '2.3.4',
28 silly addNameRange     '2.3.5',
28 silly addNameRange     '2.4.0',
28 silly addNameRange     '2.4.1',
28 silly addNameRange     '2.5.0',
28 silly addNameRange     '2.5.1',
28 silly addNameRange     '2.6.0',
28 silly addNameRange     '2.6.1',
28 silly addNameRange     '2.6.2',
28 silly addNameRange     '2.6.3',
28 silly addNameRange     '2.7.0',
28 silly addNameRange     '2.8.0',
28 silly addNameRange     '2.8.1',
28 silly addNameRange     '2.8.2',
28 silly addNameRange     '2.8.3' ] ]
29 verbose addNamed [ 'restify', '2.8.3' ]
30 verbose addNamed [ '2.8.3', '2.8.3' ]
31 silly lockFile 137ba29d-restify-2-8-3 restify@2.8.3
32 verbose lock restify@2.8.3 /home/ganesans/.npm/137ba29d-restify-2-8-3.lock
33 silly lockFile e81b8a62-js-org-restify-restify-2-8-3-tgz https://registry.npmjs.org/restify/-/restify-2.8.3.tgz
34 verbose lock https://registry.npmjs.org/restify/-/restify-2.8.3.tgz /home/ganesans/.npm/e81b8a62-js-org-restify-restify-2-8-3-tgz.lock
35 verbose addRemoteTarball [ 'https://registry.npmjs.org/restify/-/restify-2.8.3.tgz',
35 verbose addRemoteTarball   '8ecc5296af010a8ebe505e0b4273822303062936' ]
36 info retry fetch attempt 1 at 07:43:44
37 verbose fetch to= /tmp/npm-3386-KexDEm4D/registry.npmjs.org/restify/-/restify-2.8.3.tgz
38 http GET https://registry.npmjs.org/restify/-/restify-2.8.3.tgz
39 http 200 https://registry.npmjs.org/restify/-/restify-2.8.3.tgz
40 silly lockFile e81b8a62-js-org-restify-restify-2-8-3-tgz https://registry.npmjs.org/restify/-/restify-2.8.3.tgz
41 silly lockFile e81b8a62-js-org-restify-restify-2-8-3-tgz https://registry.npmjs.org/restify/-/restify-2.8.3.tgz
42 silly lockFile 137ba29d-restify-2-8-3 restify@2.8.3
43 silly lockFile 137ba29d-restify-2-8-3 restify@2.8.3
44 silly lockFile eccf5eaf-restify restify@
45 silly lockFile eccf5eaf-restify restify@
46 silly resolved [ { author: { name: 'Mark Cavage', email: 'mcavage@gmail.com' },
46 silly resolved     contributors:
46 silly resolved      [ [Object],
46 silly resolved        [Object],
46 silly resolved        [Object],
46 silly resolved        [Object],
46 silly resolved        [Object],
46 silly resolved        [Object],
46 silly resolved        [Object],
46 silly resolved        [Object],
46 silly resolved        [Object],
46 silly resolved        [Object],
46 silly resolved        [Object],
46 silly resolved        [Object],
46 silly resolved        [Object],
46 silly resolved        [Object],
46 silly resolved        [Object],
46 silly resolved        [Object],
46 silly resolved        [Object],
46 silly resolved        [Object],
46 silly resolved        [Object],
46 silly resolved        [Object],
46 silly resolved        [Object],
46 silly resolved        [Object],
46 silly resolved        [Object],
46 silly resolved        [Object],
46 silly resolved        [Object],
46 silly resolved        [Object],
46 silly resolved        [Object],
46 silly resolved        [Object],
46 silly resolved        [Object] ],
46 silly resolved     name: 'restify',
46 silly resolved     homepage: 'http://mcavage.github.com/node-restify',
46 silly resolved     description: 'REST framework',
46 silly resolved     version: '2.8.3',
46 silly resolved     repository:
46 silly resolved      { type: 'git',
46 silly resolved        url: 'git://github.com/mcavage/node-restify.git' },
46 silly resolved     main: 'lib/index.js',
46 silly resolved     directories: { lib: './lib' },
46 silly resolved     bin: { 'report-latency': './bin/report-latency' },
46 silly resolved     engines: { node: '>=0.10' },
46 silly resolved     dependencies:
46 silly resolved      { 'assert-plus': '^0.1.5',
46 silly resolved        backoff: '^2.3.0',
46 silly resolved        bunyan: '^0.23.1',
46 silly resolved        csv: '^0.4.0',
46 silly resolved        'deep-equal': '^0.2.1',
46 silly resolved        'escape-regexp-component': '^1.0.2',
46 silly resolved        formidable: '^1.0.14',
46 silly resolved        'http-signature': '^0.10.0',
46 silly resolved        'keep-alive-agent': '^0.0.1',
46 silly resolved        'lru-cache': '^2.5.0',
46 silly resolved        mime: '^1.2.11',
46 silly resolved        negotiator: '^0.4.5',
46 silly resolved        'node-uuid': '^1.4.1',
46 silly resolved        once: '^1.3.0',
46 silly resolved        qs: '^1.0.0',
46 silly resolved        semver: '^2.3.0',
46 silly resolved        spdy: '^1.26.5',
46 silly resolved        'tunnel-agent': '^0.4.0',
46 silly resolved        verror: '^1.4.0',
46 silly resolved        'dtrace-provider': '^0.2.8' },
46 silly resolved     optionalDependencies: { 'dtrace-provider': '^0.2.8' },
46 silly resolved     devDependencies:
46 silly resolved      { cover: '^0.2.9',
46 silly resolved        filed: '^0.1.0',
46 silly resolved        nodeunit: '^0.9.0',
46 silly resolved        watershed: '^0.3.0' },
46 silly resolved     scripts: { test: 'nodeunit ./test' },
46 silly resolved     bugs: { url: 'https://github.com/mcavage/node-restify/issues' },
46 silly resolved     _id: 'restify@2.8.3',
46 silly resolved     dist:
46 silly resolved      { shasum: '8ecc5296af010a8ebe505e0b4273822303062936',
46 silly resolved        tarball: 'http://registry.npmjs.org/restify/-/restify-2.8.3.tgz' },
46 silly resolved     _from: 'restify@',
46 silly resolved     _npmVersion: '1.4.3',
46 silly resolved     _npmUser: { name: 'mcavage', email: 'mcavage@gmail.com' },
46 silly resolved     maintainers: [ [Object] ],
46 silly resolved     _shasum: '8ecc5296af010a8ebe505e0b4273822303062936',
46 silly resolved     _resolved: 'https://registry.npmjs.org/restify/-/restify-2.8.3.tgz' } ]
47 info install restify@2.8.3 into /usr/local/lib
48 info installOne restify@2.8.3
49 verbose lib/node_modules/restify unbuild
50 verbose tar unpack /home/ganesans/.npm/restify/2.8.3/package.tgz
51 silly lockFile 0fbd9e1c-r-local-lib-node-modules-restify tar:///usr/local/lib/node_modules/restify
52 verbose lock tar:///usr/local/lib/node_modules/restify /home/ganesans/.npm/0fbd9e1c-r-local-lib-node-modules-restify.lock
53 silly lockFile 0619ff64-ns-npm-restify-2-8-3-package-tgz tar:///home/ganesans/.npm/restify/2.8.3/package.tgz
54 verbose lock tar:///home/ganesans/.npm/restify/2.8.3/package.tgz /home/ganesans/.npm/0619ff64-ns-npm-restify-2-8-3-package-tgz.lock
55 silly gunzTarPerm modes [ '775', '664' ]
56 error Error: EACCES, mkdir '/usr/local/lib/node_modules/restify'
56 error  { [Error: EACCES, mkdir '/usr/local/lib/node_modules/restify']
56 error   errno: 3,
56 error   code: 'EACCES',
56 error   path: '/usr/local/lib/node_modules/restify',
56 error   fstream_type: 'Directory',
56 error   fstream_path: '/usr/local/lib/node_modules/restify',
56 error   fstream_class: 'DirWriter',
56 error   fstream_stack:
56 error    [ '/usr/local/lib/node_modules/npm/node_modules/fstream/lib/dir-writer.js:36:23',
56 error      '/usr/local/lib/node_modules/npm/node_modules/mkdirp/index.js:46:53',
56 error      'Object.oncomplete (fs.js:107:15)' ] }
57 error Please try running this command again as root/Administrator.
58 error System Linux 3.13.0-39-generic
59 error command "/usr/local/bin/node" "/usr/local/bin/npm" "install" "-g" "restify"
60 error cwd /home/ganesans/node-projects
61 error node -v v0.10.33
62 error npm -v 1.4.28
63 error path /usr/local/lib/node_modules/restify
64 error fstream_path /usr/local/lib/node_modules/restify
65 error fstream_type Directory
66 error fstream_class DirWriter
67 error code EACCES
68 error errno 3
69 error stack Error: EACCES, mkdir '/usr/local/lib/node_modules/restify'
70 error fstream_stack /usr/local/lib/node_modules/npm/node_modules/fstream/lib/dir-writer.js:36:23
70 error fstream_stack /usr/local/lib/node_modules/npm/node_modules/mkdirp/index.js:46:53
70 error fstream_stack Object.oncomplete (fs.js:107:15)
71 verbose exit [ 3, true ]
